#
# There is insufficient memory for the Java Runtime Environment to continue.
# Native memory allocation (mmap) failed to map 100663296 bytes for Failed to commit area from 0x00000000a1c00000 to 0x00000000a7c00000 of length 100663296.
# Possible reasons:
#   The system is out of physical RAM or swap space
#   The process is running with CompressedOops enabled, and the Java Heap may be blocking the growth of the native heap
# Possible solutions:
#   Reduce memory load on the system
#   Increase physical memory or swap space
#   Check if swap backing store is full
#   Decrease Java heap size (-Xmx/-Xms)
#   Decrease number of Java threads
#   Decrease Java thread stack sizes (-Xss)
#   Set larger code cache with -XX:ReservedCodeCacheSize=
# This output file may be truncated or incomplete.
#
#  Out of Memory Error (t:/workspace/open/src/hotspot/os/windows/os_windows.cpp:3254), pid=6256, tid=2176
#
# JRE version:  (12.0.1+12) (build )
# Java VM: Java HotSpot(TM) 64-Bit Server VM (12.0.1+12, mixed mode, aot, sharing, tiered, compressed oops, g1 gc, windows-amd64)
# No core dump will be written. Minidumps are not enabled by default on client versions of Windows
#

---------------  S U M M A R Y ------------

Command Line: -javaagent:C:\Program Files\JetBrains\IntelliJ IDEA 2019.1.2\lib\idea_rt.jar=50628:C:\Program Files\JetBrains\IntelliJ IDEA 2019.1.2\bin -Dfile.encoding=UTF-8 ru.study.WorkWithDate

Host: Intel(R) Core(TM) i5-8250U CPU @ 1.60GHz, 8 cores, 5G,  Windows 10 , 64 bit Build 17763 (10.0.17763.475)
Time: Thu Aug 22 23:41:43 2019 RTZ 2 (ceia) elapsed time: 0 seconds (0d 0h 0m 0s)

---------------  T H R E A D  ---------------

Current thread (0x000002dc7ff17000):  JavaThread "Unknown thread" [_thread_in_vm, id=2176, stack(0x000000f6a5600000,0x000000f6a5700000)]

Stack: [0x000000f6a5600000,0x000000f6a5700000]
Native frames: (J=compiled Java code, j=interpreted, Vv=VM code, C=native code)
V  [jvm.dll+0x63948a]
V  [jvm.dll+0x78b31f]
V  [jvm.dll+0x78c9c1]
V  [jvm.dll+0x78d013]
V  [jvm.dll+0x262138]
V  [jvm.dll+0x63698a]
V  [jvm.dll+0x62b505]
V  [jvm.dll+0x31d9bc]
V  [jvm.dll+0x31d7ef]
V  [jvm.dll+0x323526]
V  [jvm.dll+0x370f76]
V  [jvm.dll+0x370750]
V  [jvm.dll+0x2f786a]
V  [jvm.dll+0x2f8af2]
V  [jvm.dll+0x7657b7]
V  [jvm.dll+0x766e95]
V  [jvm.dll+0x37f089]
V  [jvm.dll+0x749b14]
V  [jvm.dll+0x3ee48d]
V  [jvm.dll+0x3f03c1]
C  [jli.dll+0x51cf]
C  [ucrtbase.dll+0x21ffa]
C  [KERNEL32.DLL+0x17974]
C  [ntdll.dll+0x6a271]


---------------  P R O C E S S  ---------------

Threads class SMR info:
_java_thread_list=0x00007ffa93fe48e8, length=0, elements={
}

Java Threads: ( => current thread )

Other Threads:
  0x000002dc7ff4d800 GCTaskThread "GC Thread#0" [stack: 0x000000f6a5700000,0x000000f6a5800000] [id=1920]
  0x000002dc7ff58000 ConcurrentGCThread "G1 Main Marker" [stack: 0x000000f6a5800000,0x000000f6a5900000] [id=5496]
  0x000002dc7ff5c000 ConcurrentGCThread "G1 Conc#0" [stack: 0x000000f6a5900000,0x000000f6a5a00000] [id=6964]

[error occurred during error reporting (printing all threads), id 0xc0000005, EXCEPTION_ACCESS_VIOLATION (0xc0000005) at pc=0x00007ffa93817a37]

VM state:not at safepoint (not fully initialized)

VM Mutex/Monitor currently owned by a thread:  ([mutex/lock_event])
[0x000002dc7ff13aa0] Heap_lock - owner thread: 0x000002dc7ff17000

Heap address: 0x00000000a1c00000, size: 1508 MB, Compressed Oops mode: Non-zero based: 0x00000000a1c00000
Narrow klass base: 0x0000000000000000, Narrow klass shift: 0

GC Heap History (0 events):
No events

Deoptimization events (0 events):
No events

Classes redefined (0 events):
No events

Internal exceptions (0 events):
No events

Events (0 events):
No events


Dynamic libraries:
0x00007ff6001b0000 - 0x00007ff6001bf000 	C:\Program Files\Java\jdk-12.0.1\bin\java.exe
0x00007ffae1460000 - 0x00007ffae164d000 	C:\Windows\SYSTEM32\ntdll.dll
0x00007ffae12b0000 - 0x00007ffae1363000 	C:\Windows\System32\KERNEL32.DLL
0x00007ffade420000 - 0x00007ffade6b3000 	C:\Windows\System32\KERNELBASE.dll
0x00007ffadda00000 - 0x00007ffaddafa000 	C:\Windows\System32\ucrtbase.dll
0x00007ffacb430000 - 0x00007ffacb446000 	C:\Program Files\Java\jdk-12.0.1\bin\VCRUNTIME140.dll
0x00007ffacd800000 - 0x00007ffacd818000 	C:\Program Files\Java\jdk-12.0.1\bin\jli.dll
0x00007ffae0790000 - 0x00007ffae0833000 	C:\Windows\System32\ADVAPI32.dll
0x00007ffadeb90000 - 0x00007ffadec2e000 	C:\Windows\System32\msvcrt.dll
0x00007ffade860000 - 0x00007ffade8fe000 	C:\Windows\System32\sechost.dll
0x00007ffae02e0000 - 0x00007ffae0402000 	C:\Windows\System32\RPCRT4.dll
0x00007ffade6c0000 - 0x00007ffade857000 	C:\Windows\System32\USER32.dll
0x00007ffadd840000 - 0x00007ffadd860000 	C:\Windows\System32\win32u.dll
0x00007ffabb720000 - 0x00007ffabb999000 	C:\Windows\WinSxS\amd64_microsoft.windows.common-controls_6595b64144ccf1df_6.0.17763.615_none_05b4414a072024d4\COMCTL32.dll
0x00007ffadec30000 - 0x00007ffadec59000 	C:\Windows\System32\GDI32.dll
0x00007ffae08f0000 - 0x00007ffae0c1c000 	C:\Windows\System32\combase.dll
0x00007ffadd860000 - 0x00007ffadd9f9000 	C:\Windows\System32\gdi32full.dll
0x00007ffade3a0000 - 0x00007ffade41e000 	C:\Windows\System32\bcryptPrimitives.dll
0x00007ffadd7a0000 - 0x00007ffadd840000 	C:\Windows\System32\msvcp_win.dll
0x00007ffad09f0000 - 0x00007ffad09fa000 	C:\Windows\SYSTEM32\VERSION.dll
0x00007ffae1370000 - 0x00007ffae139e000 	C:\Windows\System32\IMM32.DLL
0x00007ffab65d0000 - 0x00007ffab667a000 	C:\Program Files\Java\jdk-12.0.1\bin\msvcp140.dll
0x00007ffa93510000 - 0x00007ffa94084000 	C:\Program Files\Java\jdk-12.0.1\bin\server\jvm.dll
0x00007ffadeb80000 - 0x00007ffadeb88000 	C:\Windows\System32\PSAPI.DLL
0x00007ffac7550000 - 0x00007ffac7559000 	C:\Windows\SYSTEM32\WSOCK32.dll
0x00007ffada4a0000 - 0x00007ffada4c4000 	C:\Windows\SYSTEM32\WINMM.dll
0x00007ffae0270000 - 0x00007ffae02dd000 	C:\Windows\System32\WS2_32.dll
0x00007ffada470000 - 0x00007ffada49d000 	C:\Windows\SYSTEM32\winmmbase.dll
0x00007ffade350000 - 0x00007ffade39a000 	C:\Windows\System32\cfgmgr32.dll
0x00007ffadd540000 - 0x00007ffadd551000 	C:\Windows\System32\kernel.appcore.dll
0x00007ffacb410000 - 0x00007ffacb421000 	C:\Program Files\Java\jdk-12.0.1\bin\verify.dll
0x00007ffadbe80000 - 0x00007ffadc06d000 	C:\Windows\SYSTEM32\DBGHELP.DLL
0x00007ffad2b20000 - 0x00007ffad2b4a000 	C:\Windows\SYSTEM32\dbgcore.DLL
0x00007ffabb5b0000 - 0x00007ffabb5d6000 	C:\Program Files\Java\jdk-12.0.1\bin\java.dll
0x00007ffad92c0000 - 0x00007ffad92ce000 	C:\Program Files\Java\jdk-12.0.1\bin\instrument.dll
0x00007ffabb4f0000 - 0x00007ffabb507000 	C:\Program Files\Java\jdk-12.0.1\bin\zip.dll
0x00007ffad2a80000 - 0x00007ffad2a8a000 	C:\Program Files\Java\jdk-12.0.1\bin\jimage.dll

dbghelp: loaded successfully - version: 4.0.5 - missing functions: none
symbol engine: initialized successfully - sym options: 0x614 - pdb path: .;C:\Program Files\Java\jdk-12.0.1\bin;C:\Windows\SYSTEM32;C:\Windows\WinSxS\amd64_microsoft.windows.common-controls_6595b64144ccf1df_6.0.17763.615_none_05b4414a072024d4;C:\Program Files\Java\jdk-12.0.1\bin\server

VM Arguments:
jvm_args: -javaagent:C:\Program Files\JetBrains\IntelliJ IDEA 2019.1.2\lib\idea_rt.jar=50628:C:\Program Files\JetBrains\IntelliJ IDEA 2019.1.2\bin -Dfile.encoding=UTF-8 
java_command: ru.study.WorkWithDate
java_class_path (initial): C:\Users\admin\IdeaProjects\StudyJava\out\production\StudyJava
Launcher Type: SUN_STANDARD

[Global flags]
     intx CICompilerCount                          = 4                                         {product} {ergonomic}
     uint ConcGCThreads                            = 2                                         {product} {ergonomic}
     uint G1ConcRefinementThreads                  = 8                                         {product} {ergonomic}
   size_t G1HeapRegionSize                         = 1048576                                   {product} {ergonomic}
    uintx GCDrainStackTargetSize                   = 64                                        {product} {ergonomic}
   size_t InitialHeapSize                          = 100663296                                 {product} {ergonomic}
   size_t MarkStackSize                            = 4194304                                   {product} {ergonomic}
   size_t MaxHeapSize                              = 1581252608                                {product} {ergonomic}
   size_t MinHeapDeltaBytes                        = 1048576                                   {product} {ergonomic}
    uintx NonNMethodCodeHeapSize                   = 5836300                                {pd product} {ergonomic}
    uintx NonProfiledCodeHeapSize                  = 122910970                              {pd product} {ergonomic}
    uintx ProfiledCodeHeapSize                     = 122910970                              {pd product} {ergonomic}
    uintx ReservedCodeCacheSize                    = 251658240                              {pd product} {ergonomic}
     bool SegmentedCodeCache                       = true                                      {product} {ergonomic}
     bool UseCompressedClassPointers               = true                                 {lp64_product} {ergonomic}
     bool UseCompressedOops                        = true                                 {lp64_product} {ergonomic}
     bool UseG1GC                                  = true                                      {product} {ergonomic}
     bool UseLargePagesIndividualAllocation        = false                                  {pd product} {ergonomic}

Logging:
Log output configuration:
 #0: stdout all=warning uptime,level,tags
 #1: stderr all=off uptime,level,tags

Environment Variables:
JAVA_HOME=C:\Program Files\Java\jdk-12.0.1
PATH=C:\Program Files\JetBrains\IntelliJ IDEA 2019.1.2\jbr\\bin;C:\Program Files\JetBrains\IntelliJ IDEA 2019.1.2\jbr\\bin\server;C:\Windows\system32;C:\Windows;C:\Windows\System32\Wbem;C:\Windows\System32\WindowsPowerShell\v1.0\;C:\Program Files (x86)\NVIDIA Corporation\PhysX\Common;C:\Program Files\NVIDIA Corporation\NVIDIA NvDLISR;C:\Program Files\Intel\WiFi\bin\;C:\Program Files\Common Files\Intel\WirelessCommon\;C:\Program Files\Microsoft SQL Server\Client SDK\ODBC\130\Tools\Binn\;C:\Program Files (x86)\Microsoft SQL Server\140\Tools\Binn\;C:\Program Files\Microsoft SQL Server\140\Tools\Binn\;C:\Program Files\Microsoft SQL Server\140\DTS\Binn\;C:\Program Files\Java\jdk-12.0.1\bin;C:\Users\admin\AppData\Local\Microsoft\WindowsApps;C:\Program Files\JetBrains\IntelliJ IDEA 2019.1.2\bin;;C:\Program Files\Java\jdk-12.0.1;JAVA_HOME;
USERNAME=admin
OS=Windows_NT
PROCESSOR_IDENTIFIER=Intel64 Family 6 Model 142 Stepping 10, GenuineIntel



---------------  S Y S T E M  ---------------

OS: Windows 10 , 64 bit Build 17763 (10.0.17763.475)

CPU:total 8 (initial active 8) (4 cores per cpu, 2 threads per core) family 6 model 142 stepping 10, cmov, cx8, fxsr, mmx, sse, sse2, sse3, ssse3, sse4.1, sse4.2, popcnt, avx, avx2, aes, clmul, erms, 3dnowpref, lzcnt, ht, tsc, tscinvbit, bmi1, bmi2, adx, fma

Memory: 4k page, system-wide physical 6026M (2062M free)
TotalPageFile size 6282M (AvailPageFile size 93M)
current process WorkingSet (physical memory assigned to process): 10M, peak: 10M
current process commit charge ("private bytes"): 60M, peak: 156M

vm_info: Java HotSpot(TM) 64-Bit Server VM (12.0.1+12) for windows-amd64 JRE (12.0.1+12), built on Apr  2 2019 14:02:19 by "mach5one" with MS VC++ 15.5 (VS2017)

END.
